[1646819656.362][INFO]: Starting ChromeDriver 99.0.4844.51 (d537ec02474b5afe23684e7963d538896c63ac77-refs/branch-heads/4844@{#875}) on port 9515
[1646819656.362][INFO]: Please see https://chromedriver.chromium.org/security-considerations for suggestions on keeping ChromeDriver safe.
[1646819656.865][INFO]: [af445a7ef6f478a0da4b544d12a271dd] COMMAND InitSession {
   "desiredCapabilities": {
      "Platform": "Windows"
   },
   "requiredCapabilities": {

   }
}
[1646819656.871][INFO]: Populating Preferences file: {
   "alternate_error_pages": {
      "enabled": false
   },
   "autofill": {
      "enabled": false
   },
   "browser": {
      "check_default_browser": false
   },
   "distribution": {
      "import_bookmarks": false,
      "import_history": false,
      "import_search_engine": false,
      "make_chrome_default_for_user": false,
      "skip_first_run_ui": true
   },
   "dns_prefetching": {
      "enabled": false
   },
   "profile": {
      "content_settings": {
         "pattern_pairs": {
            "https://*,*": {
               "media-stream": {
                  "audio": "Default",
                  "video": "Default"
               }
            }
         }
      },
      "default_content_setting_values": {
         "geolocation": 1
      },
      "default_content_settings": {
         "geolocation": 1,
         "mouselock": 1,
         "notifications": 1,
         "popups": 1,
         "ppapi-broker": 1
      },
      "password_manager_enabled": false
   },
   "safebrowsing": {
      "enabled": false
   },
   "search": {
      "suggest_enabled": false
   },
   "translate": {
      "enabled": false
   }
}
[1646819656.872][INFO]: Populating Local State file: {
   "background_mode": {
      "enabled": false
   },
   "ssl": {
      "rev_checking": {
         "enabled": false
      }
   }
}
[1646819656.880][INFO]: Launching chrome: "C:\Program Files\Google\Chrome\Application\chrome.exe" --allow-pre-commit-input --disable-background-networking --disable-backgrounding-occluded-windows --disable-client-side-phishing-detection --disable-default-apps --disable-hang-monitor --disable-popup-blocking --disable-prompt-on-repost --disable-sync --enable-automation --enable-blink-features=ShadowDOMV0 --enable-logging --log-level=0 --no-first-run --no-service-autorun --password-store=basic --remote-debugging-port=0 --test-type=webdriver --use-mock-keychain --user-data-dir="C:\Users\Sehoon\AppData\Local\Temp\scoped_dir17252_2058002097" data:,
[1646819657.578][INFO]: resolved localhost to ["::1","127.0.0.1"]
[1646819657.581][INFO]: [af445a7ef6f478a0da4b544d12a271dd] RESPONSE InitSession {
   "acceptInsecureCerts": false,
   "acceptSslCerts": false,
   "browserConnectionEnabled": false,
   "browserName": "chrome",
   "chrome": {
      "chromedriverVersion": "99.0.4844.51 (d537ec02474b5afe23684e7963d538896c63ac77-refs/branch-heads/4844@{#875})",
      "userDataDir": "C:\\Users\\Sehoon\\AppData\\Local\\Temp\\scoped_dir17252_2058002097"
   },
   "cssSelectorsEnabled": true,
   "databaseEnabled": false,
   "goog:chromeOptions": {
      "debuggerAddress": "localhost:58070"
   },
   "handlesAlerts": true,
   "hasTouchScreen": false,
   "javascriptEnabled": true,
   "locationContextEnabled": true,
   "mobileEmulationEnabled": false,
   "nativeEvents": true,
   "networkConnectionEnabled": false,
   "pageLoadStrategy": "normal",
   "platform": "Windows",
   "proxy": {

   },
   "rotatable": false,
   "~~~": "..."
}
[1646819657.582][INFO]: [af445a7ef6f478a0da4b544d12a271dd] COMMAND Navigate {
   "url": "http://Naver.com"
}
[1646819657.582][INFO]: Waiting for pending navigations...
[1646819657.583][INFO]: Done waiting for pending navigations. Status: ok
[1646819657.656][INFO]: Waiting for pending navigations...
[1646819658.018][INFO]: Done waiting for pending navigations. Status: ok
[1646819658.018][INFO]: [af445a7ef6f478a0da4b544d12a271dd] RESPONSE Navigate
[1646819668.029][INFO]: [af445a7ef6f478a0da4b544d12a271dd] COMMAND Quit {

}
[1646819668.030][INFO]: [af445a7ef6f478a0da4b544d12a271dd] RESPONSE Quit
